commit f4a08a24a5b00a79c28ff916671aaa8c29c53f35
Author: Pham Luc <tchh.lucpham@gmail.com>
Date:   Sun Nov 26 18:43:44 2023 +0700

    update

commit 97be5827dbf662043bf5fc011a6c97e8be5d371f
Author: Pham Luc <tchh.lucpham@gmail.com>
Date:   Sun Nov 26 18:39:57 2023 +0700

    fix import path

commit e76dca41b644c517713f4c2f677537af102695a1
Author: Pham Luc <tchh.lucpham@gmail.com>
Date:   Sat Nov 25 22:48:38 2023 +0700

    feat: update design system

commit 53932a872ebfa74061063301a64a1ea0811a2bde
Merge: 7e29177 30f28bd
Author: Pham Luc <tchh.lucpham@gmail.com>
Date:   Fri Nov 24 21:49:00 2023 +0700

    merge from feat/next-auth

commit 30f28bd133bb62e32aeed252e8ca30853bca5436
Author: Pham Luc <tchh.lucpham@gmail.com>
Date:   Fri Nov 24 21:46:45 2023 +0700

    update

commit 7e291774a9149091aa8fe52ea70b9a0a810a67da
Author: lucphamvan <61300156+lucphamvan@users.noreply.github.com>
Date:   Thu Nov 23 23:00:42 2023 +0700

    Feat/next auth (#1)
    
    - update design system

commit 767a6f00ffd950ea5e7e1023ef1793240c109d95
Author: Pham Luc <tchh.lucpham@gmail.com>
Date:   Thu Nov 23 22:58:33 2023 +0700

    update design system

commit e0c4d9312d2d1cc5c123233c7485c2967ca7e674
Author: Pham Luc <tchh.lucpham@gmail.com>
Date:   Thu Nov 23 20:33:23 2023 +0700

    update

commit 6f01a86f0fa128d36dcedd23c086f8f63f6914c8
Author: Pham Luc <tchh.lucpham@gmail.com>
Date:   Thu Nov 23 20:21:33 2023 +0700

    update

commit fb7bc60807903e22468de567af5c98f61f91827d
Author: Pham Luc <tchh.lucpham@gmail.com>
Date:   Thu Nov 23 18:49:39 2023 +0700

    update

commit ecf16f3f30019ed209b65a77a1e2895d3a0d55ca
Author: Pham Luc <tchh.lucpham@gmail.com>
Date:   Thu Nov 23 18:00:09 2023 +0700

    update

commit 6ff1b4d08344431900b12a212a558f2d771e37af
Author: Pham Luc <tchh.lucpham@gmail.com>
Date:   Tue Nov 21 17:44:24 2023 +0700

    update

commit dffd80967fee3e74662ae198b42ed2e1ae683c95
Author: Pham Luc <tchh.lucpham@gmail.com>
Date:   Tue Nov 21 17:20:53 2023 +0700

    update

commit 6cdf94f495246c741711d4ec1080cd90f3cba983
Author: Pham Luc <tchh.lucpham@gmail.com>
Date:   Tue Nov 21 16:41:44 2023 +0700

    update

commit d9d9a561a64e6d3e2a2e7ce6a13ca4be69e9ebeb
Author: Pham Luc <tchh.lucpham@gmail.com>
Date:   Sun Nov 19 00:37:21 2023 +0700

    update

commit 3fbb9f9d88c68174e1b54da5fb1886b3f3057937
Author: Pham Luc <tchh.lucpham@gmail.com>
Date:   Sun Nov 19 00:25:07 2023 +0700

    update

commit f485861e9afef3f78c0d26ee524cf183873f5582
Author: Pham Luc <tchh.lucpham@gmail.com>
Date:   Sun Nov 19 00:18:29 2023 +0700

    update

commit da98ec766aec6e8f35752364f4ca5b75152f66b0
Author: Pham Luc <tchh.lucpham@gmail.com>
Date:   Sun Nov 19 00:05:42 2023 +0700

    update

commit 5126ea97f7a4bf6c3289fbb9f24be74c756717ab
Author: Pham Luc <tchh.lucpham@gmail.com>
Date:   Sat Nov 18 16:00:46 2023 +0700

    update

commit 15e3bdb68c8949f021aec48811ebbb9fd879cf65
Author: Pham Luc <tchh.lucpham@gmail.com>
Date:   Sun Nov 12 21:08:49 2023 +0700

    update

commit 89e57ae2a31191278d3525e28356d6a220b43d59
Author: Pham Luc <tchh.lucpham@gmail.com>
Date:   Thu Nov 9 00:51:23 2023 +0700

    update

commit f32060d2154952c1f2c7422a233684cb53be2a9d
Author: Pham Luc <tchh.lucpham@gmail.com>
Date:   Tue Oct 31 20:06:07 2023 +0700

    update

commit 60a3ec69f492fe5ca293f495ac3d8cc0212f6329
Author: Pham Luc <tchh.lucpham@gmail.com>
Date:   Tue Oct 31 12:04:26 2023 +0700

    update

commit c65858294eec2e2c167161decb56bbf0ab44fccf
Author: Pham Luc <tchh.lucpham@gmail.com>
Date:   Sun Oct 29 23:45:27 2023 +0700

    update

commit 5fbda85b2a172a7ac6decfe9c1fae94f0973f287
Author: Pham Luc <tchh.lucpham@gmail.com>
Date:   Sun Oct 29 23:19:38 2023 +0700

    update

commit 864f4627924ca51b1f5407bf51cce7607d7afd01
Author: Pham Luc <tchh.lucpham@gmail.com>
Date:   Sat Oct 28 23:03:16 2023 +0700

    update

commit 9feaea4790c29b34400039ccd4ab9206c0dbc01f
Author: Pham Luc <tchh.lucpham@gmail.com>
Date:   Sat Oct 28 22:54:48 2023 +0700

    update

commit 8d5f6b2bb854fc5fbe30d2737386d94539cf334d
Author: Pham Luc <tchh.lucpham@gmail.com>
Date:   Sat Oct 28 22:38:16 2023 +0700

    update

commit 7ab4afd8bea0d760e1b4ec11a525904787f9f258
Author: Pham Luc <tchh.lucpham@gmail.com>
Date:   Sat Oct 28 22:31:51 2023 +0700

    update

commit b54d007468545767ce78daa0264d090ede6aeb18
Author: Pham Luc <tchh.lucpham@gmail.com>
Date:   Sat Oct 28 22:26:34 2023 +0700

    update

commit 52fb83b11995edb8cc2a079d3f454f3b22cdd6bd
Author: Pham Luc <tchh.lucpham@gmail.com>
Date:   Sat Oct 28 19:43:32 2023 +0700

    update

commit cadd9ecf4a31d6cdbb07c39d6cde1676acb26aa7
Author: Pham Luc <tchh.lucpham@gmail.com>
Date:   Thu Oct 26 19:33:20 2023 +0700

    update

commit 63d1c2b6dad463a288858c756c8dcd699c5dfa60
Author: Pham Luc <tchh.lucpham@gmail.com>
Date:   Tue Oct 24 19:56:44 2023 +0700

    update

commit 412f5fc869627ab627a21e21aa659068359af4a2
Author: Pham Luc <tchh.lucpham@gmail.com>
Date:   Tue Oct 24 14:11:14 2023 +0700

    update page todo list

commit 0fee5d2dd633a1d60631e55d93ded88f6ca0b6ef
Author: Pham Luc <tchh.lucpham@gmail.com>
Date:   Sun Oct 22 21:36:28 2023 +0700

    update

commit 868ffe597f1a130b4df75f2a9b08674ad7890e0f
Author: Pham Luc <tchh.lucpham@gmail.com>
Date:   Sun Oct 22 17:38:16 2023 +0700

    update

commit 5f4e85fa8ab708a92054b2821bed4f02f983ac74
Author: Pham Luc <tchh.lucpham@gmail.com>
Date:   Sun Oct 22 17:25:28 2023 +0700

    update

commit 043df8cd859e162ac49d97b34b21e7d144f91159
Author: Pham Luc <tchh.lucpham@gmail.com>
Date:   Sun Oct 22 17:21:29 2023 +0700

    update

commit 84fc6c24f77557c96065a3dcd12a2054867d303b
Author: Pham Luc <tchh.lucpham@gmail.com>
Date:   Sun Oct 22 15:53:50 2023 +0700

    update

commit 534444a063eafb555957b182eace86df37643a2c
Author: Pham Luc <tchh.lucpham@gmail.com>
Date:   Sun Oct 22 15:25:34 2023 +0700

    update

commit 1005f31fa7472e6dad5d04e5924af880000b4058
Author: Pham Luc <tchh.lucpham@gmail.com>
Date:   Sun Oct 22 09:20:56 2023 +0700

    update

commit af4f448167ad21bb682c198236abfc7642b7a876
Author: Pham Luc <tchh.lucpham@gmail.com>
Date:   Sun Oct 22 09:18:01 2023 +0700

    update

commit f74bf1974748a8a5dc6edc245a0c9b1f77dfaaa8
Author: Pham Luc <tchh.lucpham@gmail.com>
Date:   Sun Oct 22 01:37:17 2023 +0700

    update

commit b7b38ac3b870c9428455c25de3cd3ca97d140cee
Author: Pham Luc <tchh.lucpham@gmail.com>
Date:   Sun Oct 22 00:41:20 2023 +0700

    update

commit 51e8a0cd5b83a50796f5126d96f79494d3672974
Author: Pham Luc <tchh.lucpham@gmail.com>
Date:   Fri Oct 20 23:19:17 2023 +0700

    update

commit 789d0f43be3a74fa05ae7cc28fffe1a74b244e16
Author: Pham Luc <tchh.lucpham@gmail.com>
Date:   Thu Oct 19 00:38:20 2023 +0700

    update

commit 5418a7fa2530b0d48569b20ba86fe8e61dac4c8e
Author: Pham Luc <tchh.lucpham@gmail.com>
Date:   Thu Oct 19 00:31:19 2023 +0700

    update

commit 113ede6c0e0263f18f35f62c116d68a7d8d5d7a9
Author: Pham Luc <tchh.lucpham@gmail.com>
Date:   Thu Oct 19 00:22:02 2023 +0700

    update

commit eb9d269bb4fff0b7faad0d0dd7b6c14a2be3c885
Author: Pham Luc <tchh.lucpham@gmail.com>
Date:   Thu Oct 19 00:16:58 2023 +0700

    update

commit 144008758a152b8b273fa4b437fdb819ded85b6c
Author: Pham Luc <tchh.lucpham@gmail.com>
Date:   Tue Oct 17 20:17:01 2023 +0700

    update

commit 5359d7f9951ad4eda9ca7891ff782f378371cb56
Author: Pham Luc <tchh.lucpham@gmail.com>
Date:   Tue Oct 17 00:05:58 2023 +0700

    update

commit 07ea9e0a48cd779e31e2954b525b2fdc43fd9f9d
Author: Pham Luc <tchh.lucpham@gmail.com>
Date:   Mon Oct 16 23:51:13 2023 +0700

    update

commit d0dc275b796a549c53fc3880ced1a8758b671546
Author: Pham Luc <tchh.lucpham@gmail.com>
Date:   Sun Oct 15 16:20:10 2023 +0700

    init
